[debug] [2024-05-06T10:51:31.903Z] ----------------------------------------------------------------------
[debug] [2024-05-06T10:51:31.904Z] Command:       /opt/homebrew/Cellar/node/21.7.2/bin/node /opt/homebrew/bin/firebase init
[debug] [2024-05-06T10:51:31.905Z] CLI Version:   13.8.0
[debug] [2024-05-06T10:51:31.905Z] Platform:      darwin
[debug] [2024-05-06T10:51:31.905Z] Node Version:  v21.7.2
[debug] [2024-05-06T10:51:31.905Z] Time:          Mon May 06 2024 16:21:31 GMT+0530 (India Standard Time)
[debug] [2024-05-06T10:51:31.905Z] ----------------------------------------------------------------------
[debug] 
[debug] [2024-05-06T10:51:31.909Z] > command requires scopes: ["email","openid","https://www.googleapis.com/auth/cloudplatformprojects.readonly","https://www.googleapis.com/auth/firebase","https://www.googleapis.com/auth/cloud-platform"]
[debug] [2024-05-06T10:51:31.909Z] > authorizing via signed-in user (f20210010@goa.bits-pilani.ac.in)
[info] 
     ######## #### ########  ######## ########     ###     ######  ########
     ##        ##  ##     ## ##       ##     ##  ##   ##  ##       ##
     ######    ##  ########  ######   ########  #########  ######  ######
     ##        ##  ##    ##  ##       ##     ## ##     ##       ## ##
     ##       #### ##     ## ######## ########  ##     ##  ######  ########

You're about to initialize a Firebase project in this directory:

  /Users/apple/Documents/ML Projects/Blend Net AI Quiz App

[info] 
=== Project Setup
[info] 
[info] First, let's associate this project directory with a Firebase project.
[info] You can create multiple project aliases by running firebase use --add, 
[info] but for now we'll just set up a default project.
[info] 
[debug] [2024-05-06T10:51:47.262Z] > refreshing access token with scopes: []
[debug] [2024-05-06T10:51:47.265Z] >>> [apiv2][query] POST https://www.googleapis.com/oauth2/v3/token [none]
[debug] [2024-05-06T10:51:47.265Z] >>> [apiv2][body] POST https://www.googleapis.com/oauth2/v3/token [omitted]
[debug] [2024-05-06T10:51:47.906Z] <<< [apiv2][status] POST https://www.googleapis.com/oauth2/v3/token 200
[debug] [2024-05-06T10:51:47.906Z] <<< [apiv2][body] POST https://www.googleapis.com/oauth2/v3/token [omitted]
[debug] [2024-05-06T10:51:47.919Z] >>> [apiv2][query] GET https://firebase.googleapis.com/v1beta1/projects pageSize=100
[debug] [2024-05-06T10:51:49.362Z] <<< [apiv2][status] GET https://firebase.googleapis.com/v1beta1/projects 200
[debug] [2024-05-06T10:51:49.362Z] <<< [apiv2][body] GET https://firebase.googleapis.com/v1beta1/projects [omitted]
[info] i  Using project blend-net-ai-quiz-app (Blend Net AI Quiz App) 
[info] 
=== Hosting Setup
[debug] [2024-05-06T10:51:54.015Z] >>> [apiv2][query] GET https://firebase.googleapis.com/v1beta1/projects/blend-net-ai-quiz-app [none]
[debug] [2024-05-06T10:51:54.426Z] <<< [apiv2][status] GET https://firebase.googleapis.com/v1beta1/projects/blend-net-ai-quiz-app 200
[debug] [2024-05-06T10:51:54.426Z] <<< [apiv2][body] GET https://firebase.googleapis.com/v1beta1/projects/blend-net-ai-quiz-app {"projectId":"blend-net-ai-quiz-app","projectNumber":"1040439869248","displayName":"Blend Net AI Quiz App","name":"projects/blend-net-ai-quiz-app","resources":{"hostingSite":"blend-net-ai-quiz-app"},"state":"ACTIVE","etag":"1_bce04787-ef8d-413c-9503-448fe7521187"}
[info] 
[info] Your public directory is the folder (relative to your project directory) that
[info] will contain Hosting assets to be uploaded with firebase deploy. If you
[info] have a build process for your assets, use your build's output directory.
[info] 
[info] ✔  Wrote yes/404.html 
[debug] [2024-05-06T10:52:11.026Z] >>> [apiv2][query] GET https://www.gstatic.com/firebasejs/releases.json [none]
[debug] [2024-05-06T10:52:11.225Z] <<< [apiv2][status] GET https://www.gstatic.com/firebasejs/releases.json 200
[debug] [2024-05-06T10:52:11.225Z] <<< [apiv2][body] GET https://www.gstatic.com/firebasejs/releases.json {"current":{"version":"10.11.1","browserURL":"https://www.gstatic.com/firebasejs/10.11.1/firebase.js","packageURL":"https://www.gstatic.com/firebasejs/10.11.1/firebase.tgz"},"live":{"version":"10.11","browserURL":"https://www.gstatic.com/firebasejs/live/10.11/firebase.js","packageURL":"https://www.gstatic.com/firebasejs/live/10.11/firebase.tgz"},"components":{"analytics":"https://www.gstatic.com/firebasejs/10.11.1/firebase-analytics.js","app":"https://www.gstatic.com/firebasejs/10.11.1/firebase-app.js","app-check":"https://www.gstatic.com/firebasejs/10.11.1/firebase-app-check.js","auth":"https://www.gstatic.com/firebasejs/10.11.1/firebase-auth.js","auth/cordova":"https://www.gstatic.com/firebasejs/10.11.1/firebase-auth/cordova.js","auth/web-extension":"https://www.gstatic.com/firebasejs/10.11.1/firebase-auth/web-extension.js","functions":"https://www.gstatic.com/firebasejs/10.11.1/firebase-functions.js","firestore":"https://www.gstatic.com/firebasejs/10.11.1/firebase-firestore.js","firestore/lite":"https://www.gstatic.com/firebasejs/10.11.1/firebase-firestore/lite.js","installations":"https://www.gstatic.com/firebasejs/10.11.1/firebase-installations.js","storage":"https://www.gstatic.com/firebasejs/10.11.1/firebase-storage.js","performance":"https://www.gstatic.com/firebasejs/10.11.1/firebase-performance.js","remote-config":"https://www.gstatic.com/firebasejs/10.11.1/firebase-remote-config.js","messaging":"https://www.gstatic.com/firebasejs/10.11.1/firebase-messaging.js","messaging/sw":"https://www.gstatic.com/firebasejs/10.11.1/firebase-messaging/sw.js","database":"https://www.gstatic.com/firebasejs/10.11.1/firebase-database.js","firestore.memory":"https://www.gstatic.com/firebasejs/10.11.1/firebase-firestore.memory.js"}}
[info] ✔  Wrote yes/index.html 
[info] 
[info] i  Detected a .git folder at /Users/apple/Documents/ML Projects 
[info] i  Authorizing with GitHub to upload your service account to a GitHub repository's secrets store. 
[info] 
[info] Visit this URL on this device to log in:
[info] https://github.com/login/oauth/authorize?client_id=89cf50f02ac6aaed3484&state=187826648&redirect_uri=http%3A%2F%2Flocalhost%3A9005&scope=read%3Auser%20repo%20public_repo
[info] 
[info] Waiting for authentication...
[debug] [2024-05-06T10:52:12.140Z] >>> [apiv2][query] POST https://github.com/login/oauth/access_token [none]
[debug] [2024-05-06T10:52:12.140Z] >>> [apiv2][body] POST https://github.com/login/oauth/access_token [stream]
[debug] [2024-05-06T10:52:12.654Z] <<< [apiv2][status] POST https://github.com/login/oauth/access_token 200
[debug] [2024-05-06T10:52:12.654Z] <<< [apiv2][body] POST https://github.com/login/oauth/access_token {"access_token":"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","token_type":"bearer","scope":"read:user,repo"}
[debug] [2024-05-06T10:52:12.666Z] >>> [apiv2][query] GET https://api.github.com/user [none]
[debug] [2024-05-06T10:52:13.173Z] <<< [apiv2][status] GET https://api.github.com/user 200
[debug] [2024-05-06T10:52:13.174Z] <<< [apiv2][body] GET https://api.github.com/user {"login":"Avaneesh-Gujran","id":101892120,"node_id":"U_kgDOBhLAGA","avatar_url":"https://avatars.githubusercontent.com/u/101892120?v=4","gravatar_id":"","url":"https://api.github.com/users/Avaneesh-Gujran","html_url":"https://github.com/Avaneesh-Gujran","followers_url":"https://api.github.com/users/Avaneesh-Gujran/followers","following_url":"https://api.github.com/users/Avaneesh-Gujran/following{/other_user}","gists_url":"https://api.github.com/users/Avaneesh-Gujran/gists{/gist_id}","starred_url":"https://api.github.com/users/Avaneesh-Gujran/starred{/owner}{/repo}","subscriptions_url":"https://api.github.com/users/Avaneesh-Gujran/subscriptions","organizations_url":"https://api.github.com/users/Avaneesh-Gujran/orgs","repos_url":"https://api.github.com/users/Avaneesh-Gujran/repos","events_url":"https://api.github.com/users/Avaneesh-Gujran/events{/privacy}","received_events_url":"https://api.github.com/users/Avaneesh-Gujran/received_events","type":"User","site_admin":false,"name":null,"company":null,"blog":"","location":null,"email":null,"hireable":null,"bio":null,"twitter_username":null,"public_repos":19,"public_gists":1,"followers":0,"following":0,"created_at":"2022-03-18T17:52:27Z","updated_at":"2024-04-24T12:13:23Z","private_gists":0,"total_private_repos":3,"owned_private_repos":3,"disk_usage":263350,"collaborators":0,"two_factor_authentication":false,"plan":{"name":"free","space":976562499,"collaborators":0,"private_repos":10000}}
[info] 
[info] ✔  Success! Logged into GitHub as Avaneesh-Gujran 
[info] 
[debug] [2024-05-06T10:52:41.003Z] >>> [apiv2][query] GET https://api.github.com/repos//actions/secrets/public-key type=owner
[debug] [2024-05-06T10:52:41.378Z] <<< [apiv2][status] GET https://api.github.com/repos//actions/secrets/public-key 404
[debug] [2024-05-06T10:52:41.378Z] <<< [apiv2][body] GET https://api.github.com/repos//actions/secrets/public-key {"message":"Not Found","documentation_url":"https://docs.github.com/rest"}
[info] 
[info] 
[error] ⚠  The provided authorization cannot be used with this repository. If this repository is in an organization, did you remember to grant access? 
[info] 
[info] i  Action required: Visit this URL to ensure access has been granted to the appropriate organization(s) for the Firebase CLI GitHub OAuth App: 
[info] https://github.com/settings/connections/applications/89cf50f02ac6aaed3484
[info] 
[debug] [2024-05-06T10:54:55.987Z] >>> [apiv2][query] GET https://api.github.com/repos//actions/secrets/public-key type=owner
[debug] [2024-05-06T10:54:56.171Z] >>> [apiv2][query] GET https://api.github.com/repos//actions/secrets/public-key type=owner
[debug] [2024-05-06T10:54:56.338Z] <<< [apiv2][status] GET https://api.github.com/repos//actions/secrets/public-key 404
[debug] [2024-05-06T10:54:56.338Z] <<< [apiv2][body] GET https://api.github.com/repos//actions/secrets/public-key {"message":"Not Found","documentation_url":"https://docs.github.com/rest"}
[info] 
[info] 
[error] ⚠  The provided authorization cannot be used with this repository. If this repository is in an organization, did you remember to grant access? 
[info] 
[info] i  Action required: Visit this URL to ensure access has been granted to the appropriate organization(s) for the Firebase CLI GitHub OAuth App: 
[info] https://github.com/settings/connections/applications/89cf50f02ac6aaed3484
[info] 
[debug] [2024-05-06T10:54:56.480Z] <<< [apiv2][status] GET https://api.github.com/repos//actions/secrets/public-key 404
[debug] [2024-05-06T10:54:56.481Z] <<< [apiv2][body] GET https://api.github.com/repos//actions/secrets/public-key {"message":"Not Found","documentation_url":"https://docs.github.com/rest"}
[info] 
[info] 
[error] ⚠  The provided authorization cannot be used with this repository. If this repository is in an organization, did you remember to grant access? 
[info] 
[info] i  Action required: Visit this URL to ensure access has been granted to the appropriate organization(s) for the Firebase CLI GitHub OAuth App: 
[info] https://github.com/settings/connections/applications/89cf50f02ac6aaed3484
[info] 
[debug] [2024-05-06T10:54:57.218Z] >>> [apiv2][query] GET https://api.github.com/repos//actions/secrets/public-key type=owner
[debug] [2024-05-06T10:54:57.436Z] >>> [apiv2][query] GET https://api.github.com/repos//actions/secrets/public-key type=owner
[debug] [2024-05-06T10:54:57.490Z] <<< [apiv2][status] GET https://api.github.com/repos//actions/secrets/public-key 404
[debug] [2024-05-06T10:54:57.491Z] <<< [apiv2][body] GET https://api.github.com/repos//actions/secrets/public-key {"message":"Not Found","documentation_url":"https://docs.github.com/rest"}
[info] 
[info] 
[error] ⚠  The provided authorization cannot be used with this repository. If this repository is in an organization, did you remember to grant access? 
[info] 
[info] i  Action required: Visit this URL to ensure access has been granted to the appropriate organization(s) for the Firebase CLI GitHub OAuth App: 
[info] https://github.com/settings/connections/applications/89cf50f02ac6aaed3484
[info] 
[debug] [2024-05-06T10:54:57.810Z] <<< [apiv2][status] GET https://api.github.com/repos//actions/secrets/public-key 404
[debug] [2024-05-06T10:54:57.810Z] <<< [apiv2][body] GET https://api.github.com/repos//actions/secrets/public-key {"message":"Not Found","documentation_url":"https://docs.github.com/rest"}
[info] 
[info] 
[error] ⚠  The provided authorization cannot be used with this repository. If this repository is in an organization, did you remember to grant access? 
[info] 
[info] i  Action required: Visit this URL to ensure access has been granted to the appropriate organization(s) for the Firebase CLI GitHub OAuth App: 
[info] https://github.com/settings/connections/applications/89cf50f02ac6aaed3484
[info] 
